This is pdfTeX, Version 3.1415926-2.5-1.40.14 (TeX Live 2013/Debian) (format=pdflatex 2015.12.22)  11 MAR 2016 23:53
entering extended mode
 restricted \write18 enabled.
 %&-line parsing enabled.
**A2-report.tex
(./A2-report.tex
LaTeX2e <2011/06/27>
Babel <3.9h> and hyphenation patterns for 2 languages loaded.
(/usr/share/texlive/texmf-dist/tex/latex/base/article.cls
Document Class: article 2007/10/19 v1.4h Standard LaTeX document class
(/usr/share/texlive/texmf-dist/tex/latex/base/size10.clo
File: size10.clo 2007/10/19 v1.4h Standard LaTeX file (size option)
)
\c@part=\count79
\c@section=\count80
\c@subsection=\count81
\c@subsubsection=\count82
\c@paragraph=\count83
\c@subparagraph=\count84
\c@figure=\count85
\c@table=\count86
\abovecaptionskip=\skip41
\belowcaptionskip=\skip42
\bibindent=\dimen102
)
(/usr/share/texlive/texmf-dist/tex/latex/graphics/graphicx.sty
Package: graphicx 1999/02/16 v1.0f Enhanced LaTeX Graphics (DPC,SPQR)

(/usr/share/texlive/texmf-dist/tex/latex/graphics/keyval.sty
Package: keyval 1999/03/16 v1.13 key=value parser (DPC)
\KV@toks@=\toks14
)
(/usr/share/texlive/texmf-dist/tex/latex/graphics/graphics.sty
Package: graphics 2009/02/05 v1.0o Standard LaTeX Graphics (DPC,SPQR)

(/usr/share/texlive/texmf-dist/tex/latex/graphics/trig.sty
Package: trig 1999/03/16 v1.09 sin cos tan (DPC)
)
(/usr/share/texlive/texmf-dist/tex/latex/latexconfig/graphics.cfg
File: graphics.cfg 2010/04/23 v1.9 graphics configuration of TeX Live
)
Package graphics Info: Driver file: pdftex.def on input line 91.

(/usr/share/texlive/texmf-dist/tex/latex/pdftex-def/pdftex.def
File: pdftex.def 2011/05/27 v0.06d Graphics/color for pdfTeX

(/usr/share/texlive/texmf-dist/tex/generic/oberdiek/infwarerr.sty
Package: infwarerr 2010/04/08 v1.3 Providing info/warning/error messages (HO)
)
(/usr/share/texlive/texmf-dist/tex/generic/oberdiek/ltxcmds.sty
Package: ltxcmds 2011/11/09 v1.22 LaTeX kernel commands for general use (HO)
)
\Gread@gobject=\count87
))
\Gin@req@height=\dimen103
\Gin@req@width=\dimen104
)
(/usr/share/texlive/texmf-dist/tex/latex/caption/caption.sty
Package: caption 2013/05/02 v3.3-89 Customizing captions (AR)

(/usr/share/texlive/texmf-dist/tex/latex/caption/caption3.sty
Package: caption3 2013/05/02 v1.6-88 caption3 kernel (AR)
Package caption3 Info: TeX engine: e-TeX on input line 57.
\captionmargin=\dimen105
\captionmargin@=\dimen106
\captionwidth=\dimen107
\caption@tempdima=\dimen108
\caption@indent=\dimen109
\caption@parindent=\dimen110
\caption@hangindent=\dimen111
)
\c@ContinuedFloat=\count88
)
(/usr/share/texlive/texmf-dist/tex/latex/caption/subcaption.sty
Package: subcaption 2013/02/03 v1.1-62 Sub-captions (AR)
\c@subfigure=\count89
\c@subtable=\count90
)
(./A2-report.aux

LaTeX Warning: Label `fig:sub1' multiply defined.


LaTeX Warning: Label `sub@fig:sub1' multiply defined.


LaTeX Warning: Label `fig:sub1' multiply defined.


LaTeX Warning: Label `sub@fig:sub1' multiply defined.


LaTeX Warning: Label `fig:sub1' multiply defined.


LaTeX Warning: Label `sub@fig:sub1' multiply defined.


LaTeX Warning: Label `fig:sub1' multiply defined.


LaTeX Warning: Label `sub@fig:sub1' multiply defined.


LaTeX Warning: Label `fig:sub1' multiply defined.


LaTeX Warning: Label `sub@fig:sub1' multiply defined.


LaTeX Warning: Label `fig:sub1' multiply defined.


LaTeX Warning: Label `sub@fig:sub1' multiply defined.


LaTeX Warning: Label `fig:sub1' multiply defined.


LaTeX Warning: Label `sub@fig:sub1' multiply defined.


LaTeX Warning: Label `fig:sub1' multiply defined.


LaTeX Warning: Label `sub@fig:sub1' multiply defined.


LaTeX Warning: Label `fig:sub1' multiply defined.


LaTeX Warning: Label `sub@fig:sub1' multiply defined.

)
\openout1 = `A2-report.aux'.

LaTeX Font Info:    Checking defaults for OML/cmm/m/it on input line 10.
LaTeX Font Info:    ... okay on input line 10.
LaTeX Font Info:    Checking defaults for T1/cmr/m/n on input line 10.
LaTeX Font Info:    ... okay on input line 10.
LaTeX Font Info:    Checking defaults for OT1/cmr/m/n on input line 10.
LaTeX Font Info:    ... okay on input line 10.
LaTeX Font Info:    Checking defaults for OMS/cmsy/m/n on input line 10.
LaTeX Font Info:    ... okay on input line 10.
LaTeX Font Info:    Checking defaults for OMX/cmex/m/n on input line 10.
LaTeX Font Info:    ... okay on input line 10.
LaTeX Font Info:    Checking defaults for U/cmr/m/n on input line 10.
LaTeX Font Info:    ... okay on input line 10.
 (/usr/share/texlive/texmf-dist/tex/context/base/supp-pdf.mkii
[Loading MPS to PDF converter (version 2006.09.02).]
\scratchcounter=\count91
\scratchdimen=\dimen112
\scratchbox=\box26
\nofMPsegments=\count92
\nofMParguments=\count93
\everyMPshowfont=\toks15
\MPscratchCnt=\count94
\MPscratchDim=\dimen113
\MPnumerator=\count95
\makeMPintoPDFobject=\count96
\everyMPtoPDFconversion=\toks16
) (/usr/share/texlive/texmf-dist/tex/generic/oberdiek/pdftexcmds.sty
Package: pdftexcmds 2011/11/29 v0.20 Utility functions of pdfTeX for LuaTeX (HO
)

(/usr/share/texlive/texmf-dist/tex/generic/oberdiek/ifluatex.sty
Package: ifluatex 2010/03/01 v1.3 Provides the ifluatex switch (HO)
Package ifluatex Info: LuaTeX not detected.
)
(/usr/share/texlive/texmf-dist/tex/generic/oberdiek/ifpdf.sty
Package: ifpdf 2011/01/30 v2.3 Provides the ifpdf switch (HO)
Package ifpdf Info: pdfTeX in PDF mode is detected.
)
Package pdftexcmds Info: LuaTeX not detected.
Package pdftexcmds Info: \pdf@primitive is available.
Package pdftexcmds Info: \pdf@ifprimitive is available.
Package pdftexcmds Info: \pdfdraftmode found.
)
(/usr/share/texlive/texmf-dist/tex/latex/oberdiek/epstopdf-base.sty
Package: epstopdf-base 2010/02/09 v2.5 Base part for package epstopdf

(/usr/share/texlive/texmf-dist/tex/latex/oberdiek/grfext.sty
Package: grfext 2010/08/19 v1.1 Manage graphics extensions (HO)

(/usr/share/texlive/texmf-dist/tex/generic/oberdiek/kvdefinekeys.sty
Package: kvdefinekeys 2011/04/07 v1.3 Define keys (HO)
))
(/usr/share/texlive/texmf-dist/tex/latex/oberdiek/kvoptions.sty
Package: kvoptions 2011/06/30 v3.11 Key value format for package options (HO)

(/usr/share/texlive/texmf-dist/tex/generic/oberdiek/kvsetkeys.sty
Package: kvsetkeys 2012/04/25 v1.16 Key value parser (HO)

(/usr/share/texlive/texmf-dist/tex/generic/oberdiek/etexcmds.sty
Package: etexcmds 2011/02/16 v1.5 Avoid name clashes with e-TeX commands (HO)
Package etexcmds Info: Could not find \expanded.
(etexcmds)             That can mean that you are not using pdfTeX 1.50 or
(etexcmds)             that some package has redefined \expanded.
(etexcmds)             In the latter case, load this package earlier.
)))
Package grfext Info: Graphics extension search list:
(grfext)             [.png,.pdf,.jpg,.mps,.jpeg,.jbig2,.jb2,.PNG,.PDF,.JPG,.JPE
G,.JBIG2,.JB2,.eps]
(grfext)             \AppendGraphicsExtensions on input line 452.

(/usr/share/texlive/texmf-dist/tex/latex/latexconfig/epstopdf-sys.cfg
File: epstopdf-sys.cfg 2010/07/13 v1.3 Configuration of (r)epstopdf for TeX Liv
e
))
Package caption Info: Begin \AtBeginDocument code.
Package caption Info: End \AtBeginDocument code.
LaTeX Font Info:    External font `cmex10' loaded for size
(Font)              <12> on input line 12.
LaTeX Font Info:    External font `cmex10' loaded for size
(Font)              <8> on input line 12.
LaTeX Font Info:    External font `cmex10' loaded for size
(Font)              <6> on input line 12.
LaTeX Font Info:    External font `cmex10' loaded for size
(Font)              <7> on input line 29.
LaTeX Font Info:    External font `cmex10' loaded for size
(Font)              <5> on input line 29.

<../images-update/1-(2)-1.png, id=1, 562.1pt x 421.575pt>
File: ../images-update/1-(2)-1.png Graphic file (type png)

<use ../images-update/1-(2)-1.png>
Package pdftex.def Info: ../images-update/1-(2)-1.png used on input line 38.
(pdftex.def)             Requested size: 169.0519pt x 126.78867pt.

<../images-update/1-(2)-2.png, id=2, 562.1pt x 421.575pt>
File: ../images-update/1-(2)-2.png Graphic file (type png)

<use ../images-update/1-(2)-2.png>
Package pdftex.def Info: ../images-update/1-(2)-2.png used on input line 45.
(pdftex.def)             Requested size: 169.0519pt x 126.78867pt.

<../images-update/1-(2)-3.png, id=3, 562.1pt x 421.575pt>
File: ../images-update/1-(2)-3.png Graphic file (type png)

<use ../images-update/1-(2)-3.png>
Package pdftex.def Info: ../images-update/1-(2)-3.png used on input line 54.
(pdftex.def)             Requested size: 169.0519pt x 126.78867pt.

<../images-update/1-(2)-4.png, id=4, 578.16pt x 433.62pt>
File: ../images-update/1-(2)-4.png Graphic file (type png)

<use ../images-update/1-(2)-4.png>
Package pdftex.def Info: ../images-update/1-(2)-4.png used on input line 60.
(pdftex.def)             Requested size: 169.0519pt x 126.78537pt.


LaTeX Warning: `!h' float specifier changed to `!ht'.

<../images-update/1-(3)-2.png, id=5, 578.16pt x 433.62pt>
File: ../images-update/1-(3)-2.png Graphic file (type png)

<use ../images-update/1-(3)-2.png>
Package pdftex.def Info: ../images-update/1-(3)-2.png used on input line 88.
(pdftex.def)             Requested size: 276.00105pt x 206.9972pt.
 [1

{/var/lib/texmf/fonts/map/pdftex/updmap/pdftex.map}]

LaTeX Warning: `!h' float specifier changed to `!ht'.

<../images-update/1-(4)-netural-error.png, id=16, 562.1pt x 421.575pt>
File: ../images-update/1-(4)-netural-error.png Graphic file (type png)

<use ../images-update/1-(4)-netural-error.png>
Package pdftex.def Info: ../images-update/1-(4)-netural-error.png used on input
 line 109.
(pdftex.def)             Requested size: 169.0519pt x 126.78867pt.

<../images-update/1-(4)-neural-perfomance.png, id=17, 562.1pt x 421.575pt>
File: ../images-update/1-(4)-neural-perfomance.png Graphic file (type png)

<use ../images-update/1-(4)-neural-perfomance.png>
Package pdftex.def Info: ../images-update/1-(4)-neural-perfomance.png used on i
nput line 115.
(pdftex.def)             Requested size: 169.0519pt x 126.78867pt.

<../images-update/1-(4)-neural_confusion.png, id=18, 702.625pt x 702.625pt>
File: ../images-update/1-(4)-neural_confusion.png Graphic file (type png)

<use ../images-update/1-(4)-neural_confusion.png>
Package pdftex.def Info: ../images-update/1-(4)-neural_confusion.png used on in
put line 124.
(pdftex.def)             Requested size: 169.0519pt x 169.05156pt.

<../images-update/1-(4)-neural_receiver.png, id=19, 702.625pt x 702.625pt>
File: ../images-update/1-(4)-neural_receiver.png Graphic file (type png)

<use ../images-update/1-(4)-neural_receiver.png>
Package pdftex.def Info: ../images-update/1-(4)-neural_receiver.png used on inp
ut line 130.
(pdftex.def)             Requested size: 169.0519pt x 169.05156pt.

<../images-update/1-(4)-neural_gradient.png, id=20, 562.1pt x 421.575pt>
File: ../images-update/1-(4)-neural_gradient.png Graphic file (type png)

<use ../images-update/1-(4)-neural_gradient.png>
Package pdftex.def Info: ../images-update/1-(4)-neural_gradient.png used on inp
ut line 137.
(pdftex.def)             Requested size: 172.5pt x 129.37462pt.


LaTeX Warning: `h' float specifier changed to `ht'.


Overfull \hbox (91.88954pt too wide) in paragraph at lines 146--159
[][] 
 []

[2 <../images-update/1-(2)-1.png (PNG copy)> <../images-update/1-(2)-2.png (PNG
 copy)> <../images-update/1-(2)-3.png (PNG copy)> <../images-update/1-(2)-4.png
 (PNG copy)>] [3 <../images-update/1-(3)-2.png (PNG copy)>]
Overfull \hbox (15.56537pt too wide) in paragraph at lines 186--186
[]\OT1/cmr/bx/n/12 Hierarchical Clus-ter-ing Us-ing Ag-glom-er-a-tive Al-go-rit
hms 
 []

[4] <../images-update/2-(2)-3.png, id=33, 562.1pt x 421.575pt>
File: ../images-update/2-(2)-3.png Graphic file (type png)

<use ../images-update/2-(2)-3.png>
Package pdftex.def Info: ../images-update/2-(2)-3.png used on input line 248.
(pdftex.def)             Requested size: 310.4979pt x 232.87045pt.


LaTeX Warning: `h' float specifier changed to `ht'.

<../images-update/2-(3)-(a)-2.png, id=34, 562.1pt x 421.575pt>
File: ../images-update/2-(3)-(a)-2.png Graphic file (type png)

<use ../images-update/2-(3)-(a)-2.png>
Package pdftex.def Info: ../images-update/2-(3)-(a)-2.png used on input line 27
0.
(pdftex.def)             Requested size: 169.0519pt x 126.78867pt.

<../images-update/2-(3)-a-1.png, id=35, 562.1pt x 421.575pt>
File: ../images-update/2-(3)-a-1.png Graphic file (type png)

<use ../images-update/2-(3)-a-1.png>
Package pdftex.def Info: ../images-update/2-(3)-a-1.png used on input line 276.

(pdftex.def)             Requested size: 169.0519pt x 126.78867pt.


LaTeX Warning: `h' float specifier changed to `ht'.

[5]
Underfull \hbox (badness 10000) in paragraph at lines 289--293

 []


Underfull \hbox (badness 10000) in paragraph at lines 294--306

 []

[6] [7 <../images-update/1-(4)-netural-error.png (PNG copy)> <../images-update/
1-(4)-neural-perfomance.png (PNG copy)> <../images-update/1-(4)-neural_confusio
n.png (PNG copy)> <../images-update/1-(4)-neural_receiver.png (PNG copy)> <../i
mages-update/1-(4)-neural_gradient.png (PNG copy)>] [8 <../images-update/2-(2)-
3.png (PNG copy)> <../images-update/2-(3)-(a)-2.png (PNG copy)> <../images-upda
te/2-(3)-a-1.png (PNG copy)>] (./A2-report.aux)

LaTeX Warning: There were multiply-defined labels.

 ) 
Here is how much of TeX's memory you used:
 2665 strings out of 495028
 43380 string characters out of 6181496
 100827 words of memory out of 5000000
 5862 multiletter control sequences out of 15000+600000
 8194 words of font info for 29 fonts, out of 8000000 for 9000
 14 hyphenation exceptions out of 8191
 38i,7n,38p,1214b,440s stack positions out of 5000i,500n,10000p,200000b,80000s
</usr/share/texlive/texmf-dist/fonts/type1/public/amsfonts/cm/cmbx10.pfb></us
r/share/texlive/texmf-dist/fonts/type1/public/amsfonts/cm/cmbx12.pfb></usr/shar
e/texlive/texmf-dist/fonts/type1/public/amsfonts/cm/cmmi10.pfb></usr/share/texl
ive/texmf-dist/fonts/type1/public/amsfonts/cm/cmr10.pfb></usr/share/texlive/tex
mf-dist/fonts/type1/public/amsfonts/cm/cmr12.pfb></usr/share/texlive/texmf-dist
/fonts/type1/public/amsfonts/cm/cmr17.pfb></usr/share/texlive/texmf-dist/fonts/
type1/public/amsfonts/cm/cmr9.pfb></usr/share/texlive/texmf-dist/fonts/type1/pu
blic/amsfonts/cm/cmsy10.pfb>
Output written on A2-report.pdf (8 pages, 359258 bytes).
PDF statistics:
 76 PDF objects out of 1000 (max. 8388607)
 44 compressed objects within 1 object stream
 0 named destinations out of 1000 (max. 500000)
 66 words of extra memory for PDF output out of 10000 (max. 10000000)

