This is pdfTeX, Version 3.14159265-2.6-1.40.16 (TeX Live 2015) (preloaded format=pdflatex 2015.9.22)  10 MAR 2016 16:16
entering extended mode
 restricted \write18 enabled.
 %&-line parsing enabled.
**A2-report.tex
(./A2-report.tex
LaTeX2e <2015/01/01>
Babel <3.9l> and hyphenation patterns for 79 languages loaded.
(/usr/local/texlive/2015/texmf-dist/tex/latex/base/article.cls
Document Class: article 2014/09/29 v1.4h Standard LaTeX document class
(/usr/local/texlive/2015/texmf-dist/tex/latex/base/size10.clo
File: size10.clo 2014/09/29 v1.4h Standard LaTeX file (size option)
)
\c@part=\count79
\c@section=\count80
\c@subsection=\count81
\c@subsubsection=\count82
\c@paragraph=\count83
\c@subparagraph=\count84
\c@figure=\count85
\c@table=\count86
\abovecaptionskip=\skip41
\belowcaptionskip=\skip42
\bibindent=\dimen102
)
(/usr/local/texlive/2015/texmf-dist/tex/latex/graphics/graphicx.sty
Package: graphicx 2014/10/28 v1.0g Enhanced LaTeX Graphics (DPC,SPQR)

(/usr/local/texlive/2015/texmf-dist/tex/latex/graphics/keyval.sty
Package: keyval 2014/10/28 v1.15 key=value parser (DPC)
\KV@toks@=\toks14
)
(/usr/local/texlive/2015/texmf-dist/tex/latex/graphics/graphics.sty
Package: graphics 2014/10/28 v1.0p Standard LaTeX Graphics (DPC,SPQR)

(/usr/local/texlive/2015/texmf-dist/tex/latex/graphics/trig.sty
Package: trig 1999/03/16 v1.09 sin cos tan (DPC)
)
(/usr/local/texlive/2015/texmf-dist/tex/latex/latexconfig/graphics.cfg
File: graphics.cfg 2010/04/23 v1.9 graphics configuration of TeX Live
)
Package graphics Info: Driver file: pdftex.def on input line 94.

(/usr/local/texlive/2015/texmf-dist/tex/latex/pdftex-def/pdftex.def
File: pdftex.def 2011/05/27 v0.06d Graphics/color for pdfTeX

(/usr/local/texlive/2015/texmf-dist/tex/generic/oberdiek/infwarerr.sty
Package: infwarerr 2010/04/08 v1.3 Providing info/warning/error messages (HO)
)
(/usr/local/texlive/2015/texmf-dist/tex/generic/oberdiek/ltxcmds.sty
Package: ltxcmds 2011/11/09 v1.22 LaTeX kernel commands for general use (HO)
)
\Gread@gobject=\count87
))
\Gin@req@height=\dimen103
\Gin@req@width=\dimen104
)
(/usr/local/texlive/2015/texmf-dist/tex/latex/caption/caption.sty
Package: caption 2013/05/02 v3.3-89 Customizing captions (AR)

(/usr/local/texlive/2015/texmf-dist/tex/latex/caption/caption3.sty
Package: caption3 2013/05/02 v1.6-88 caption3 kernel (AR)
Package caption3 Info: TeX engine: e-TeX on input line 57.
\captionmargin=\dimen105
\captionmargin@=\dimen106
\captionwidth=\dimen107
\caption@tempdima=\dimen108
\caption@indent=\dimen109
\caption@parindent=\dimen110
\caption@hangindent=\dimen111
)
\c@ContinuedFloat=\count88
)
(/usr/local/texlive/2015/texmf-dist/tex/latex/caption/subcaption.sty
Package: subcaption 2013/02/03 v1.1-62 Sub-captions (AR)
\c@subfigure=\count89
\c@subtable=\count90
)
(./A2-report.aux

LaTeX Warning: Label `fig:sub1' multiply defined.


LaTeX Warning: Label `sub@fig:sub1' multiply defined.


LaTeX Warning: Label `fig:sub1' multiply defined.


LaTeX Warning: Label `sub@fig:sub1' multiply defined.


LaTeX Warning: Label `fig:sub1' multiply defined.


LaTeX Warning: Label `sub@fig:sub1' multiply defined.


LaTeX Warning: Label `fig:sub1' multiply defined.


LaTeX Warning: Label `sub@fig:sub1' multiply defined.


LaTeX Warning: Label `fig:sub1' multiply defined.


LaTeX Warning: Label `sub@fig:sub1' multiply defined.


LaTeX Warning: Label `fig:sub1' multiply defined.


LaTeX Warning: Label `sub@fig:sub1' multiply defined.


LaTeX Warning: Label `fig:sub1' multiply defined.


LaTeX Warning: Label `sub@fig:sub1' multiply defined.


LaTeX Warning: Label `fig:sub1' multiply defined.


LaTeX Warning: Label `sub@fig:sub1' multiply defined.


LaTeX Warning: Label `fig:sub1' multiply defined.


LaTeX Warning: Label `sub@fig:sub1' multiply defined.


LaTeX Warning: Label `fig:sub1' multiply defined.


LaTeX Warning: Label `sub@fig:sub1' multiply defined.


LaTeX Warning: Label `fig:sub1' multiply defined.


LaTeX Warning: Label `sub@fig:sub1' multiply defined.


LaTeX Warning: Label `fig:sub1' multiply defined.


LaTeX Warning: Label `sub@fig:sub1' multiply defined.

)
\openout1 = `A2-report.aux'.

LaTeX Font Info:    Checking defaults for OML/cmm/m/it on input line 10.
LaTeX Font Info:    ... okay on input line 10.
LaTeX Font Info:    Checking defaults for T1/cmr/m/n on input line 10.
LaTeX Font Info:    ... okay on input line 10.
LaTeX Font Info:    Checking defaults for OT1/cmr/m/n on input line 10.
LaTeX Font Info:    ... okay on input line 10.
LaTeX Font Info:    Checking defaults for OMS/cmsy/m/n on input line 10.
LaTeX Font Info:    ... okay on input line 10.
LaTeX Font Info:    Checking defaults for OMX/cmex/m/n on input line 10.
LaTeX Font Info:    ... okay on input line 10.
LaTeX Font Info:    Checking defaults for U/cmr/m/n on input line 10.
LaTeX Font Info:    ... okay on input line 10.
 (/usr/local/texlive/2015/texmf-dist/tex/context/base/supp-pdf.mkii
[Loading MPS to PDF converter (version 2006.09.02).]
\scratchcounter=\count91
\scratchdimen=\dimen112
\scratchbox=\box26
\nofMPsegments=\count92
\nofMParguments=\count93
\everyMPshowfont=\toks15
\MPscratchCnt=\count94
\MPscratchDim=\dimen113
\MPnumerator=\count95
\makeMPintoPDFobject=\count96
\everyMPtoPDFconversion=\toks16
) (/usr/local/texlive/2015/texmf-dist/tex/generic/oberdiek/pdftexcmds.sty
Package: pdftexcmds 2011/11/29 v0.20 Utility functions of pdfTeX for LuaTeX (HO
)

(/usr/local/texlive/2015/texmf-dist/tex/generic/oberdiek/ifluatex.sty
Package: ifluatex 2010/03/01 v1.3 Provides the ifluatex switch (HO)
Package ifluatex Info: LuaTeX not detected.
)
(/usr/local/texlive/2015/texmf-dist/tex/generic/oberdiek/ifpdf.sty
Package: ifpdf 2011/01/30 v2.3 Provides the ifpdf switch (HO)
Package ifpdf Info: pdfTeX in PDF mode is detected.
)
Package pdftexcmds Info: LuaTeX not detected.
Package pdftexcmds Info: \pdf@primitive is available.
Package pdftexcmds Info: \pdf@ifprimitive is available.
Package pdftexcmds Info: \pdfdraftmode found.
)
(/usr/local/texlive/2015/texmf-dist/tex/latex/oberdiek/epstopdf-base.sty
Package: epstopdf-base 2010/02/09 v2.5 Base part for package epstopdf

(/usr/local/texlive/2015/texmf-dist/tex/latex/oberdiek/grfext.sty
Package: grfext 2010/08/19 v1.1 Manage graphics extensions (HO)

(/usr/local/texlive/2015/texmf-dist/tex/generic/oberdiek/kvdefinekeys.sty
Package: kvdefinekeys 2011/04/07 v1.3 Define keys (HO)
))
(/usr/local/texlive/2015/texmf-dist/tex/latex/oberdiek/kvoptions.sty
Package: kvoptions 2011/06/30 v3.11 Key value format for package options (HO)

(/usr/local/texlive/2015/texmf-dist/tex/generic/oberdiek/kvsetkeys.sty
Package: kvsetkeys 2012/04/25 v1.16 Key value parser (HO)

(/usr/local/texlive/2015/texmf-dist/tex/generic/oberdiek/etexcmds.sty
Package: etexcmds 2011/02/16 v1.5 Avoid name clashes with e-TeX commands (HO)
Package etexcmds Info: Could not find \expanded.
(etexcmds)             That can mean that you are not using pdfTeX 1.50 or
(etexcmds)             that some package has redefined \expanded.
(etexcmds)             In the latter case, load this package earlier.
)))
Package grfext Info: Graphics extension search list:
(grfext)             [.png,.pdf,.jpg,.mps,.jpeg,.jbig2,.jb2,.PNG,.PDF,.JPG,.JPE
G,.JBIG2,.JB2,.eps]
(grfext)             \AppendGraphicsExtensions on input line 452.

(/usr/local/texlive/2015/texmf-dist/tex/latex/latexconfig/epstopdf-sys.cfg
File: epstopdf-sys.cfg 2010/07/13 v1.3 Configuration of (r)epstopdf for TeX Liv
e
))
Package caption Info: Begin \AtBeginDocument code.
Package caption Info: End \AtBeginDocument code.
LaTeX Font Info:    External font `cmex10' loaded for size
(Font)              <12> on input line 12.
LaTeX Font Info:    External font `cmex10' loaded for size
(Font)              <8> on input line 12.
LaTeX Font Info:    External font `cmex10' loaded for size
(Font)              <6> on input line 12.

Overfull \hbox (119.84114pt too wide) in paragraph at lines 12--12
 [][] 
 []


Overfull \hbox (31.16959pt too wide) in paragraph at lines 19--19
[]\OT1/cmr/bx/n/14.4 Parameter Se-lec-tion and Clas-si-fi-ca-tion (for dataset
 []

Missing character: There is no √ in font cmr10!
Missing character: There is no Ø in font cmr10!
Missing character: There is no ‚ in font cmr10!
Missing character: There is no Ä in font cmr10!
Missing character: There is no ú in font cmr10!
Missing character: There is no ‚ in font cmr10!
Missing character: There is no Ä in font cmr10!
Missing character: There is no ù in font cmr10!
<../images-update/1-(2)-1.png, id=1, 562.1pt x 421.575pt>
File: ../images-update/1-(2)-1.png Graphic file (type png)

<use ../images-update/1-(2)-1.png>
Package pdftex.def Info: ../images-update/1-(2)-1.png used on input line 39.
(pdftex.def)             Requested size: 172.5pt x 129.37462pt.
LaTeX Font Info:    External font `cmex10' loaded for size
(Font)              <7> on input line 42.
LaTeX Font Info:    External font `cmex10' loaded for size
(Font)              <5> on input line 42.

<../images-update/1-(2)-2.png, id=2, 562.1pt x 421.575pt>
File: ../images-update/1-(2)-2.png Graphic file (type png)

<use ../images-update/1-(2)-2.png>
Package pdftex.def Info: ../images-update/1-(2)-2.png used on input line 46.
(pdftex.def)             Requested size: 172.5pt x 129.37462pt.

<../images-update/1-(2)-3.png, id=3, 562.1pt x 421.575pt>
File: ../images-update/1-(2)-3.png Graphic file (type png)

<use ../images-update/1-(2)-3.png>
Package pdftex.def Info: ../images-update/1-(2)-3.png used on input line 55.
(pdftex.def)             Requested size: 172.5pt x 129.37462pt.

<../images-update/1-(2)-4.png, id=4, 578.16pt x 433.62pt>
File: ../images-update/1-(2)-4.png Graphic file (type png)

<use ../images-update/1-(2)-4.png>
Package pdftex.def Info: ../images-update/1-(2)-4.png used on input line 62.
(pdftex.def)             Requested size: 172.5pt x 129.37242pt.


LaTeX Warning: Float too large for page by 38.49628pt on input line 66.

[1

{/usr/local/texlive/2015/texmf-var/fonts/map/pdftex/updmap/pdftex.map}]
[2 <../images-update/1-(2)-1.png (PNG copy)> <../images-update/1-(2)-2.png (PNG
 copy)> <../images-update/1-(2)-3.png (PNG copy)> <../images-update/1-(2)-4.png
 (PNG copy)>]
Missing character: There is no ‚ in font cmr10!
Missing character: There is no Ä in font cmr10!
Missing character: There is no ú in font cmr10!
Missing character: There is no ‚ in font cmr10!
Missing character: There is no Ä in font cmr10!
Missing character: There is no ù in font cmr10!
Missing character: There is no ‚ in font cmr10!
Missing character: There is no Ä in font cmr10!
Missing character: There is no ú in font cmr10!
Missing character: There is no ‚ in font cmr10!
Missing character: There is no Ä in font cmr10!
Missing character: There is no ù in font cmr10!
 <../images-update/1-(3)-2.png, id=18, 578.16pt x 433.62pt>
File: ../images-update/1-(3)-2.png Graphic file (type png)

<use ../images-update/1-(3)-2.png>
Package pdftex.def Info: ../images-update/1-(3)-2.png used on input line 91.
(pdftex.def)             Requested size: 172.5pt x 129.37242pt.
 [3]
Missing character: There is no ‚ in font cmr10!
Missing character: There is no Ä in font cmr10!
Missing character: There is no ì in font cmr10!

<../images-update/1-(4)-netural-error.png, id=23, 562.1pt x 421.575pt>
File: ../images-update/1-(4)-netural-error.png Graphic file (type png)

<use ../images-update/1-(4)-netural-error.png>
Package pdftex.def Info: ../images-update/1-(4)-netural-error.png used on input
 line 115.
(pdftex.def)             Requested size: 172.5pt x 129.37462pt.

<../images-update/1-(4)-neural-perfomance.png, id=24, 562.1pt x 421.575pt>
File: ../images-update/1-(4)-neural-perfomance.png Graphic file (type png)

<use ../images-update/1-(4)-neural-perfomance.png>
Package pdftex.def Info: ../images-update/1-(4)-neural-perfomance.png used on i
nput line 122.
(pdftex.def)             Requested size: 172.5pt x 129.37462pt.

<../images-update/1-(4)-neural_confusion.png, id=25, 702.625pt x 702.625pt>
File: ../images-update/1-(4)-neural_confusion.png Graphic file (type png)

<use ../images-update/1-(4)-neural_confusion.png>
Package pdftex.def Info: ../images-update/1-(4)-neural_confusion.png used on in
put line 131.
(pdftex.def)             Requested size: 172.5pt x 172.49306pt.

<../images-update/1-(4)-neural_receiver.png, id=26, 702.625pt x 702.625pt>
File: ../images-update/1-(4)-neural_receiver.png Graphic file (type png)

<use ../images-update/1-(4)-neural_receiver.png>
Package pdftex.def Info: ../images-update/1-(4)-neural_receiver.png used on inp
ut line 138.
(pdftex.def)             Requested size: 172.5pt x 172.49306pt.

<../images-update/1-(4)-neural_gradient.png, id=27, 562.1pt x 421.575pt>
File: ../images-update/1-(4)-neural_gradient.png Graphic file (type png)

<use ../images-update/1-(4)-neural_gradient.png>
Package pdftex.def Info: ../images-update/1-(4)-neural_gradient.png used on inp
ut line 145.
(pdftex.def)             Requested size: 172.5pt x 129.37462pt.


LaTeX Warning: Float too large for page by 272.10997pt on input line 150.


Overfull \hbox (86.19513pt too wide) in paragraph at lines 108--164
[] 
 []

[4] [5]
Missing character: There is no √ in font cmr10!
Missing character: There is no Ø in font cmr10!
 [6]
Missing character: There is no ‚ in font cmr10!
Missing character: There is no Ä in font cmr10!
Missing character: There is no ú in font cmr10!
Missing character: There is no ‚ in font cmr10!
Missing character: There is no Ä in font cmr10!
Missing character: There is no ù in font cmr10!
Missing character: There is no ‚ in font cmr10!
Missing character: There is no Ä in font cmr10!
Missing character: There is no ú in font cmr10!
Missing character: There is no ‚ in font cmr10!
Missing character: There is no Ä in font cmr10!
Missing character: There is no ù in font cmr10!
Missing character: There is no ‚ in font cmr10!
Missing character: There is no Ä in font cmr10!
Missing character: There is no ú in font cmr10!
Missing character: There is no ‚ in font cmr10!
Missing character: There is no Ä in font cmr10!
Missing character: There is no ù in font cmr10!
Missing character: There is no ‚ in font cmr10!
Missing character: There is no Ä in font cmr10!
Missing character: There is no ú in font cmr10!
Missing character: There is no ‚ in font cmr10!
Missing character: There is no Ä in font cmr10!
Missing character: There is no ù in font cmr10!

Underfull \hbox (badness 10000) in paragraph at lines 209--223

 []

[7]
Underfull \hbox (badness 10000) in paragraph at lines 224--237

 []

Missing character: There is no ‚ in font cmr10!
Missing character: There is no Ä in font cmr10!
Missing character: There is no ú in font cmr10!
Missing character: There is no ‚ in font cmr10!
Missing character: There is no Ä in font cmr10!
Missing character: There is no ù in font cmr10!
Missing character: There is no ‚ in font cmr10!
Missing character: There is no Ä in font cmr10!
Missing character: There is no ú in font cmr10!
Missing character: There is no ‚ in font cmr10!
Missing character: There is no Ä in font cmr10!
Missing character: There is no ù in font cmr10!
Missing character: There is no ‚ in font cmr10!
Missing character: There is no Ä in font cmr10!
Missing character: There is no ú in font cmr10!
Missing character: There is no ‚ in font cmr10!
Missing character: There is no Ä in font cmr10!
Missing character: There is no ù in font cmr10!
[8] <../images-update/2-(2)-3.png, id=44, 562.1pt x 421.575pt>
File: ../images-update/2-(2)-3.png Graphic file (type png)

<use ../images-update/2-(2)-3.png>
Package pdftex.def Info: ../images-update/2-(2)-3.png used on input line 268.
(pdftex.def)             Requested size: 172.5pt x 129.37462pt.
Missing character: There is no ‚ in font cmr10!
Missing character: There is no Ä in font cmr10!
Missing character: There is no ò in font cmr10!
Missing character: There is no ‚ in font cmr10!
Missing character: There is no Ä in font cmr10!
Missing character: There is no ô in font cmr10!
Missing character: There is no ‚ in font cmr10!
Missing character: There is no Ä in font cmr10!
Missing character: There is no ò in font cmr10!
Missing character: There is no ‚ in font cmr10!
Missing character: There is no Ä in font cmr10!
Missing character: There is no ô in font cmr10!

<../images-update/2-(3)-(a)-2.png, id=45, 562.1pt x 421.575pt>
File: ../images-update/2-(3)-(a)-2.png Graphic file (type png)

<use ../images-update/2-(3)-(a)-2.png>
Package pdftex.def Info: ../images-update/2-(3)-(a)-2.png used on input line 29
1.
(pdftex.def)             Requested size: 172.5pt x 129.37462pt.

<../images-update/2-(3)-a-1.png, id=46, 562.1pt x 421.575pt>
File: ../images-update/2-(3)-a-1.png Graphic file (type png)

<use ../images-update/2-(3)-a-1.png>
Package pdftex.def Info: ../images-update/2-(3)-a-1.png used on input line 298.

(pdftex.def)             Requested size: 172.5pt x 129.37462pt.

Underfull \hbox (badness 10000) in paragraph at lines 311--315

 []


Underfull \hbox (badness 10000) in paragraph at lines 316--328

 []

[9] [10] [11 <../images-update/1-(3)-2.png (PNG copy)>] [12 <../images-update/1
-(4)-netural-error.png (PNG copy)> <../images-update/1-(4)-neural-perfomance.pn
g (PNG copy)> <../images-update/1-(4)-neural_confusion.png (PNG copy)> <../imag
es-update/1-(4)-neural_receiver.png (PNG copy)> <../images-update/1-(4)-neural_
gradient.png (PNG copy)>] [13 <../images-update/2-(2)-3.png (PNG copy)> <../ima
ges-update/2-(3)-(a)-2.png (PNG copy)> <../images-update/2-(3)-a-1.png (PNG cop
y)>] (./A2-report.aux)

LaTeX Warning: There were multiply-defined labels.

 ) 
Here is how much of TeX's memory you used:
 2659 strings out of 493089
 43582 string characters out of 6134842
 107852 words of memory out of 5000000
 6131 multiletter control sequences out of 15000+600000
 8194 words of font info for 29 fonts, out of 8000000 for 9000
 1141 hyphenation exceptions out of 8191
 38i,8n,38p,1213b,440s stack positions out of 5000i,500n,10000p,200000b,80000s
</usr/local/texlive/2015/texmf-dist/fonts/type1/public/amsfonts/cm/cmbx10.pfb
></usr/local/texlive/2015/texmf-dist/fonts/type1/public/amsfonts/cm/cmbx12.pfb>
</usr/local/texlive/2015/texmf-dist/fonts/type1/public/amsfonts/cm/cmr10.pfb></
usr/local/texlive/2015/texmf-dist/fonts/type1/public/amsfonts/cm/cmr12.pfb></us
r/local/texlive/2015/texmf-dist/fonts/type1/public/amsfonts/cm/cmr17.pfb></usr/
local/texlive/2015/texmf-dist/fonts/type1/public/amsfonts/cm/cmr9.pfb>
Output written on A2-report.pdf (13 pages, 345826 bytes).
PDF statistics:
 84 PDF objects out of 1000 (max. 8388607)
 49 compressed objects within 1 object stream
 0 named destinations out of 1000 (max. 500000)
 66 words of extra memory for PDF output out of 10000 (max. 10000000)

